<?xml version="1.0" encoding="UTF-8"?>
<testsuite xmlns:xsi="http://www.w3.org/2001/XMLSchema-instance" xsi:noNamespaceSchemaLocation="https://maven.apache.org/surefire/maven-surefire-plugin/xsd/surefire-test-report-3.0.xsd" version="3.0" name="com.example.AppTest" time="0.019" tests="1" errors="0" skipped="0" failures="0">
  <properties>
    <property name="java.specification.version" value="24"/>
    <property name="sun.jnu.encoding" value="UTF-8"/>
    <property name="java.class.path" value="/Users/yangyi/company/java/tcp-test/tio-tcp-server/target/test-classes:/Users/yangyi/company/java/tcp-test/tio-tcp-server/target/classes:/Users/yangyi/.m2/repository/junit/junit/3.8.1/junit-3.8.1.jar:/Users/yangyi/.m2/repository/com/github/ben-manes/caffeine/caffeine/3.0.3/caffeine-3.0.3.jar:/Users/yangyi/.m2/repository/org/checkerframework/checker-qual/3.15.0/checker-qual-3.15.0.jar:/Users/yangyi/.m2/repository/com/google/errorprone/error_prone_annotations/2.7.1/error_prone_annotations-2.7.1.jar:/Users/yangyi/.m2/repository/org/t-io/tio-core/3.8.6.v20240801-RELEASE/tio-core-3.8.6.v20240801-RELEASE.jar:/Users/yangyi/.m2/repository/org/t-io/tio-utils/3.8.6.v20240801-RELEASE/tio-utils-3.8.6.v20240801-RELEASE.jar:/Users/yangyi/.m2/repository/com/alibaba/fastjson/2.0.39/fastjson-2.0.39.jar:/Users/yangyi/.m2/repository/com/alibaba/fastjson2/fastjson2-extension/2.0.39/fastjson2-extension-2.0.39.jar:/Users/yangyi/.m2/repository/com/alibaba/fastjson2/fastjson2/2.0.39/fastjson2-2.0.39.jar:/Users/yangyi/.m2/repository/net/openhft/chronicle-map/3.27ea0/chronicle-map-3.27ea0.jar:/Users/yangyi/.m2/repository/net/openhft/affinity/3.27ea0/affinity-3.27ea0.jar:/Users/yangyi/.m2/repository/net/openhft/chronicle-core/2.27ea0/chronicle-core-2.27ea0.jar:/Users/yangyi/.m2/repository/net/openhft/chronicle-analytics/2.27ea0/chronicle-analytics-2.27ea0.jar:/Users/yangyi/.m2/repository/net/openhft/chronicle-bytes/2.27ea0/chronicle-bytes-2.27ea0.jar:/Users/yangyi/.m2/repository/net/openhft/posix/2.27ea0/posix-2.27ea0.jar:/Users/yangyi/.m2/repository/com/github/jnr/jnr-ffi/2.2.15/jnr-ffi-2.2.15.jar:/Users/yangyi/.m2/repository/com/github/jnr/jffi/1.3.12/jffi-1.3.12.jar:/Users/yangyi/.m2/repository/com/github/jnr/jffi/1.3.12/jffi-1.3.12-native.jar:/Users/yangyi/.m2/repository/org/ow2/asm/asm/9.2/asm-9.2.jar:/Users/yangyi/.m2/repository/com/github/jnr/jnr-a64asm/1.0.0/jnr-a64asm-1.0.0.jar:/Users/yangyi/.m2/repository/com/github/jnr/jnr-x86asm/1.0.2/jnr-x86asm-1.0.2.jar:/Users/yangyi/.m2/repository/com/github/jnr/jnr-constants/0.10.4/jnr-constants-0.10.4.jar:/Users/yangyi/.m2/repository/net/openhft/chronicle-values/2.27ea0/chronicle-values-2.27ea0.jar:/Users/yangyi/.m2/repository/net/openhft/compiler/2.27ea0/compiler-2.27ea0.jar:/Users/yangyi/.m2/repository/com/squareup/javapoet/1.13.0/javapoet-1.13.0.jar:/Users/yangyi/.m2/repository/net/openhft/chronicle-threads/2.27ea0/chronicle-threads-2.27ea0.jar:/Users/yangyi/.m2/repository/org/slf4j/slf4j-api/1.7.36/slf4j-api-1.7.36.jar:/Users/yangyi/.m2/repository/net/openhft/chronicle-wire/2.27ea0/chronicle-wire-2.27ea0.jar:/Users/yangyi/.m2/repository/net/openhft/chronicle-algorithms/2.27ea0/chronicle-algorithms-2.27ea0.jar:/Users/yangyi/.m2/repository/net/java/dev/jna/jna/5.8.0/jna-5.8.0.jar:/Users/yangyi/.m2/repository/net/java/dev/jna/jna-platform/5.8.0/jna-platform-5.8.0.jar:"/>
    <property name="java.vm.vendor" value="Oracle Corporation"/>
    <property name="sun.arch.data.model" value="64"/>
    <property name="java.vendor.url" value="https://java.oracle.com/"/>
    <property name="os.name" value="Mac OS X"/>
    <property name="java.vm.specification.version" value="24"/>
    <property name="sun.java.launcher" value="SUN_STANDARD"/>
    <property name="user.country" value="CN"/>
    <property name="sun.boot.library.path" value="/Users/yangyi/.sdkman/candidates/java/24.ea.13-graal/lib"/>
    <property name="sun.java.command" value="/Users/yangyi/company/java/tcp-test/tio-tcp-server/target/surefire/surefirebooter-20241119120055635_3.jar /Users/yangyi/company/java/tcp-test/tio-tcp-server/target/surefire 2024-11-19T12-00-55_584-jvmRun1 surefire-20241119120055635_1tmp surefire_0-20241119120055635_2tmp"/>
    <property name="http.nonProxyHosts" value="127.0.0.1|192.168.0.0/16|*.192.168.0.0/16|10.0.0.0/8|*.10.0.0.0/8|172.16.0.0/12|*.172.16.0.0/12|100.64.0.0/10|*.100.64.0.0/10|17.0.0.0/8|*.17.0.0.0/8|localhost|*.localhost|local|*.local|169.254.0.0/16|*.169.254.0.0/16|224.0.0.0/4|*.224.0.0.0/4|240.0.0.0/4|*.240.0.0.0/4"/>
    <property name="jdk.debug" value="release"/>
    <property name="surefire.test.class.path" value="/Users/yangyi/company/java/tcp-test/tio-tcp-server/target/test-classes:/Users/yangyi/company/java/tcp-test/tio-tcp-server/target/classes:/Users/yangyi/.m2/repository/junit/junit/3.8.1/junit-3.8.1.jar:/Users/yangyi/.m2/repository/com/github/ben-manes/caffeine/caffeine/3.0.3/caffeine-3.0.3.jar:/Users/yangyi/.m2/repository/org/checkerframework/checker-qual/3.15.0/checker-qual-3.15.0.jar:/Users/yangyi/.m2/repository/com/google/errorprone/error_prone_annotations/2.7.1/error_prone_annotations-2.7.1.jar:/Users/yangyi/.m2/repository/org/t-io/tio-core/3.8.6.v20240801-RELEASE/tio-core-3.8.6.v20240801-RELEASE.jar:/Users/yangyi/.m2/repository/org/t-io/tio-utils/3.8.6.v20240801-RELEASE/tio-utils-3.8.6.v20240801-RELEASE.jar:/Users/yangyi/.m2/repository/com/alibaba/fastjson/2.0.39/fastjson-2.0.39.jar:/Users/yangyi/.m2/repository/com/alibaba/fastjson2/fastjson2-extension/2.0.39/fastjson2-extension-2.0.39.jar:/Users/yangyi/.m2/repository/com/alibaba/fastjson2/fastjson2/2.0.39/fastjson2-2.0.39.jar:/Users/yangyi/.m2/repository/net/openhft/chronicle-map/3.27ea0/chronicle-map-3.27ea0.jar:/Users/yangyi/.m2/repository/net/openhft/affinity/3.27ea0/affinity-3.27ea0.jar:/Users/yangyi/.m2/repository/net/openhft/chronicle-core/2.27ea0/chronicle-core-2.27ea0.jar:/Users/yangyi/.m2/repository/net/openhft/chronicle-analytics/2.27ea0/chronicle-analytics-2.27ea0.jar:/Users/yangyi/.m2/repository/net/openhft/chronicle-bytes/2.27ea0/chronicle-bytes-2.27ea0.jar:/Users/yangyi/.m2/repository/net/openhft/posix/2.27ea0/posix-2.27ea0.jar:/Users/yangyi/.m2/repository/com/github/jnr/jnr-ffi/2.2.15/jnr-ffi-2.2.15.jar:/Users/yangyi/.m2/repository/com/github/jnr/jffi/1.3.12/jffi-1.3.12.jar:/Users/yangyi/.m2/repository/com/github/jnr/jffi/1.3.12/jffi-1.3.12-native.jar:/Users/yangyi/.m2/repository/org/ow2/asm/asm/9.2/asm-9.2.jar:/Users/yangyi/.m2/repository/com/github/jnr/jnr-a64asm/1.0.0/jnr-a64asm-1.0.0.jar:/Users/yangyi/.m2/repository/com/github/jnr/jnr-x86asm/1.0.2/jnr-x86asm-1.0.2.jar:/Users/yangyi/.m2/repository/com/github/jnr/jnr-constants/0.10.4/jnr-constants-0.10.4.jar:/Users/yangyi/.m2/repository/net/openhft/chronicle-values/2.27ea0/chronicle-values-2.27ea0.jar:/Users/yangyi/.m2/repository/net/openhft/compiler/2.27ea0/compiler-2.27ea0.jar:/Users/yangyi/.m2/repository/com/squareup/javapoet/1.13.0/javapoet-1.13.0.jar:/Users/yangyi/.m2/repository/net/openhft/chronicle-threads/2.27ea0/chronicle-threads-2.27ea0.jar:/Users/yangyi/.m2/repository/org/slf4j/slf4j-api/1.7.36/slf4j-api-1.7.36.jar:/Users/yangyi/.m2/repository/net/openhft/chronicle-wire/2.27ea0/chronicle-wire-2.27ea0.jar:/Users/yangyi/.m2/repository/net/openhft/chronicle-algorithms/2.27ea0/chronicle-algorithms-2.27ea0.jar:/Users/yangyi/.m2/repository/net/java/dev/jna/jna/5.8.0/jna-5.8.0.jar:/Users/yangyi/.m2/repository/net/java/dev/jna/jna-platform/5.8.0/jna-platform-5.8.0.jar:"/>
    <property name="sun.cpu.endian" value="little"/>
    <property name="user.home" value="/Users/yangyi"/>
    <property name="user.language" value="en"/>
    <property name="java.specification.vendor" value="Oracle Corporation"/>
    <property name="java.version.date" value="2025-03-18"/>
    <property name="java.home" value="/Users/yangyi/.sdkman/candidates/java/24.ea.13-graal"/>
    <property name="file.separator" value="/"/>
    <property name="basedir" value="/Users/yangyi/company/java/tcp-test/tio-tcp-server"/>
    <property name="java.vm.compressedOopsMode" value="Zero based"/>
    <property name="jdk.internal.vm.ci.enabled" value="true"/>
    <property name="line.separator" value="&#10;"/>
    <property name="java.vm.specification.vendor" value="Oracle Corporation"/>
    <property name="java.specification.name" value="Java Platform API Specification"/>
    <property name="apple.awt.application.name" value="ForkedBooter"/>
    <property name="surefire.real.class.path" value="/Users/yangyi/company/java/tcp-test/tio-tcp-server/target/surefire/surefirebooter-20241119120055635_3.jar"/>
    <property name="sun.management.compiler" value="HotSpot 64-Bit Tiered Compilers"/>
    <property name="ftp.nonProxyHosts" value="127.0.0.1|192.168.0.0/16|*.192.168.0.0/16|10.0.0.0/8|*.10.0.0.0/8|172.16.0.0/12|*.172.16.0.0/12|100.64.0.0/10|*.100.64.0.0/10|17.0.0.0/8|*.17.0.0.0/8|localhost|*.localhost|local|*.local|169.254.0.0/16|*.169.254.0.0/16|224.0.0.0/4|*.224.0.0.0/4|240.0.0.0/4|*.240.0.0.0/4"/>
    <property name="java.runtime.version" value="24+14-jvmci-b01"/>
    <property name="user.name" value="yangyi"/>
    <property name="stdout.encoding" value="UTF-8"/>
    <property name="path.separator" value=":"/>
    <property name="os.version" value="15.1"/>
    <property name="java.runtime.name" value="Java(TM) SE Runtime Environment"/>
    <property name="file.encoding" value="UTF-8"/>
    <property name="java.vm.name" value="Java HotSpot(TM) 64-Bit Server VM"/>
    <property name="java.vendor.version" value="Oracle GraalVM 24-dev+14.1"/>
    <property name="localRepository" value="/Users/yangyi/.m2/repository"/>
    <property name="java.vendor.url.bug" value="https://bugreport.java.com/bugreport/"/>
    <property name="java.io.tmpdir" value="/var/folders/cm/l7ln_84x68bc8q2kfs0nj48c0000gn/T/"/>
    <property name="java.version" value="24"/>
    <property name="user.dir" value="/Users/yangyi/company/java/tcp-test/tio-tcp-server"/>
    <property name="os.arch" value="aarch64"/>
    <property name="java.vm.specification.name" value="Java Virtual Machine Specification"/>
    <property name="native.encoding" value="UTF-8"/>
    <property name="java.library.path" value="/Users/yangyi/Library/Java/Extensions:/Library/Java/Extensions:/Network/Library/Java/Extensions:/System/Library/Java/Extensions:/usr/lib/java:."/>
    <property name="java.vm.info" value="mixed mode, sharing"/>
    <property name="stderr.encoding" value="UTF-8"/>
    <property name="java.vendor" value="Oracle Corporation"/>
    <property name="java.vm.version" value="24+14-jvmci-b01"/>
    <property name="sun.io.unicode.encoding" value="UnicodeBig"/>
    <property name="socksNonProxyHosts" value="127.0.0.1|192.168.0.0/16|*.192.168.0.0/16|10.0.0.0/8|*.10.0.0.0/8|172.16.0.0/12|*.172.16.0.0/12|100.64.0.0/10|*.100.64.0.0/10|17.0.0.0/8|*.17.0.0.0/8|localhost|*.localhost|local|*.local|169.254.0.0/16|*.169.254.0.0/16|224.0.0.0/4|*.224.0.0.0/4|240.0.0.0/4|*.240.0.0.0/4"/>
    <property name="java.class.version" value="68.0"/>
  </properties>
  <testcase name="testApp" classname="com.example.AppTest" time="0.002"/>
</testsuite>